20-Sep-2022 09:23:32.845 信息 [main] org.apache.catalina.startup.VersionLoggerListener.log Server.服务器版本: Apache Tomcat/8.5.82
20-Sep-2022 09:23:32.878 信息 [main] org.apache.catalina.startup.VersionLoggerListener.log 服务器构建:        Aug 8 2022 21:26:07 UTC
20-Sep-2022 09:23:32.878 信息 [main] org.apache.catalina.startup.VersionLoggerListener.log 服务器版本号:      8.5.82.0
20-Sep-2022 09:23:32.880 信息 [main] org.apache.catalina.startup.VersionLoggerListener.log 操作系统名称:      Windows 10
20-Sep-2022 09:23:32.880 信息 [main] org.apache.catalina.startup.VersionLoggerListener.log OS.版本:           10.0
20-Sep-2022 09:23:32.880 信息 [main] org.apache.catalina.startup.VersionLoggerListener.log 架构:              amd64
20-Sep-2022 09:23:32.881 信息 [main] org.apache.catalina.startup.VersionLoggerListener.log Java 环境变量:     C:\javaide\jdk8\jre
20-Sep-2022 09:23:32.882 信息 [main] org.apache.catalina.startup.VersionLoggerListener.log Java虚拟机版本:    1.8.0_181-b13
20-Sep-2022 09:23:32.882 信息 [main] org.apache.catalina.startup.VersionLoggerListener.log JVM.供应商:        Oracle Corporation
20-Sep-2022 09:23:32.883 信息 [main] org.apache.catalina.startup.VersionLoggerListener.log CATALINA_BASE:     D:\tb\2022新项目\毕设项目\java资产管理系统\apache-tomcat-8.5.82
20-Sep-2022 09:23:32.883 信息 [main] org.apache.catalina.startup.VersionLoggerListener.log CATALINA_HOME:     D:\tb\2022新项目\毕设项目\java资产管理系统\apache-tomcat-8.5.82
20-Sep-2022 09:23:32.884 信息 [main] org.apache.catalina.startup.VersionLoggerListener.log 命令行参数：       -Djava.util.logging.config.file=D:\tb\2022新项目\毕设项目\java资产管理系统\apache-tomcat-8.5.82\conf\logging.properties
20-Sep-2022 09:23:32.885 信息 [main] org.apache.catalina.startup.VersionLoggerListener.log 命令行参数：       -Djava.util.logging.manager=org.apache.juli.ClassLoaderLogManager
20-Sep-2022 09:23:32.885 信息 [main] org.apache.catalina.startup.VersionLoggerListener.log 命令行参数：       -Djdk.tls.ephemeralDHKeySize=2048
20-Sep-2022 09:23:32.886 信息 [main] org.apache.catalina.startup.VersionLoggerListener.log 命令行参数：       -Djava.protocol.handler.pkgs=org.apache.catalina.webresources
20-Sep-2022 09:23:32.889 信息 [main] org.apache.catalina.startup.VersionLoggerListener.log 命令行参数：       -Dignore.endorsed.dirs=
20-Sep-2022 09:23:32.890 信息 [main] org.apache.catalina.startup.VersionLoggerListener.log 命令行参数：       -Dcatalina.base=D:\tb\2022新项目\毕设项目\java资产管理系统\apache-tomcat-8.5.82
20-Sep-2022 09:23:32.892 信息 [main] org.apache.catalina.startup.VersionLoggerListener.log 命令行参数：       -Dcatalina.home=D:\tb\2022新项目\毕设项目\java资产管理系统\apache-tomcat-8.5.82
20-Sep-2022 09:23:32.893 信息 [main] org.apache.catalina.startup.VersionLoggerListener.log 命令行参数：       -Djava.io.tmpdir=D:\tb\2022新项目\毕设项目\java资产管理系统\apache-tomcat-8.5.82\temp
20-Sep-2022 09:23:32.893 信息 [main] org.apache.catalina.core.AprLifecycleListener.lifecycleEvent 使用APR版本[1.7.0]加载了基于APR的Apache Tomcat本机库[1.2.35]。
20-Sep-2022 09:23:32.895 信息 [main] org.apache.catalina.core.AprLifecycleListener.lifecycleEvent APR功能：IPv6[true]、sendfile[true]、accept filters[false]、random[true]、UDS [{4}]。
20-Sep-2022 09:23:32.896 信息 [main] org.apache.catalina.core.AprLifecycleListener.lifecycleEvent APR/OpenSSL配置：useAprConnector[false]，useOpenSSL[true]
20-Sep-2022 09:23:33.012 信息 [main] org.apache.catalina.core.AprLifecycleListener.initializeSSL OpenSSL成功初始化 [OpenSSL 1.1.1q  5 Jul 2022]
20-Sep-2022 09:23:33.890 信息 [main] org.apache.coyote.AbstractProtocol.init 初始化协议处理器 ["http-nio-8080"]
20-Sep-2022 09:23:33.959 信息 [main] org.apache.catalina.startup.Catalina.load Initialization processed in 2441 ms
20-Sep-2022 09:23:34.120 信息 [main] org.apache.catalina.core.StandardService.startInternal 正在启动服务[Catalina]
20-Sep-2022 09:23:34.121 信息 [main] org.apache.catalina.core.StandardEngine.startInternal 正在启动 Servlet 引擎：[Apache Tomcat/8.5.82]
20-Sep-2022 09:23:34.265 信息 [localhost-startStop-1] org.apache.catalina.startup.HostConfig.deployWAR 正在部署web应用程序存档文件[D:\tb\2022新项目\毕设项目\java资产管理系统\apache-tomcat-8.5.82\webapps\assets.war]
20-Sep-2022 09:23:39.543 警告 [localhost-startStop-1] org.apache.tomcat.util.descriptor.web.WebXml.setVersion 未知版本字符串 [4.0]。将使用默认版本。
20-Sep-2022 09:23:39.617 警告 [localhost-startStop-1] org.apache.tomcat.util.descriptor.web.WebXml.setVersion 未知版本字符串 [4.0]。将使用默认版本。
20-Sep-2022 09:24:15.379 信息 [localhost-startStop-1] org.apache.jasper.servlet.TldScanner.scanJars 至少有一个JAR被扫描用于TLD但尚未包含TLD。 为此记录器启用调试日志记录，以获取已扫描但未在其中找到TLD的完整JAR列表。 在扫描期间跳过不需要的JAR可以缩短启动时间和JSP编译时间。
20-Sep-2022 09:25:08.284 信息 [localhost-startStop-1] org.apache.catalina.startup.HostConfig.deployWAR web应用程序存档文件[D:\tb\2022新项目\毕设项目\java资产管理系统\apache-tomcat-8.5.82\webapps\assets.war]的部署已在[94,017]ms内完成
20-Sep-2022 09:25:08.296 信息 [localhost-startStop-1] org.apache.catalina.startup.HostConfig.deployDirectory 把web 应用程序部署到目录 [D:\tb\2022新项目\毕设项目\java资产管理系统\apache-tomcat-8.5.82\webapps\docs]
20-Sep-2022 09:25:08.367 信息 [localhost-startStop-1] org.apache.catalina.startup.HostConfig.deployDirectory Web应用程序目录[D:\tb\2022新项目\毕设项目\java资产管理系统\apache-tomcat-8.5.82\webapps\docs]的部署已在[71]毫秒内完成
20-Sep-2022 09:25:08.368 信息 [localhost-startStop-1] org.apache.catalina.startup.HostConfig.deployDirectory 把web 应用程序部署到目录 [D:\tb\2022新项目\毕设项目\java资产管理系统\apache-tomcat-8.5.82\webapps\examples]
20-Sep-2022 09:25:10.216 信息 [localhost-startStop-1] org.apache.catalina.startup.HostConfig.deployDirectory Web应用程序目录[D:\tb\2022新项目\毕设项目\java资产管理系统\apache-tomcat-8.5.82\webapps\examples]的部署已在[1,848]毫秒内完成
20-Sep-2022 09:25:10.232 信息 [localhost-startStop-1] org.apache.catalina.startup.HostConfig.deployDirectory 把web 应用程序部署到目录 [D:\tb\2022新项目\毕设项目\java资产管理系统\apache-tomcat-8.5.82\webapps\host-manager]
20-Sep-2022 09:25:10.359 信息 [localhost-startStop-1] org.apache.catalina.startup.HostConfig.deployDirectory Web应用程序目录[D:\tb\2022新项目\毕设项目\java资产管理系统\apache-tomcat-8.5.82\webapps\host-manager]的部署已在[127]毫秒内完成
20-Sep-2022 09:25:10.377 信息 [localhost-startStop-1] org.apache.catalina.startup.HostConfig.deployDirectory 把web 应用程序部署到目录 [D:\tb\2022新项目\毕设项目\java资产管理系统\apache-tomcat-8.5.82\webapps\manager]
20-Sep-2022 09:25:10.467 信息 [localhost-startStop-1] org.apache.catalina.startup.HostConfig.deployDirectory Web应用程序目录[D:\tb\2022新项目\毕设项目\java资产管理系统\apache-tomcat-8.5.82\webapps\manager]的部署已在[89]毫秒内完成
20-Sep-2022 09:25:10.487 信息 [localhost-startStop-1] org.apache.catalina.startup.HostConfig.deployDirectory 把web 应用程序部署到目录 [D:\tb\2022新项目\毕设项目\java资产管理系统\apache-tomcat-8.5.82\webapps\ROOT]
20-Sep-2022 09:25:10.545 信息 [localhost-startStop-1] org.apache.catalina.startup.HostConfig.deployDirectory Web应用程序目录[D:\tb\2022新项目\毕设项目\java资产管理系统\apache-tomcat-8.5.82\webapps\ROOT]的部署已在[57]毫秒内完成
20-Sep-2022 09:25:10.572 信息 [main] org.apache.coyote.AbstractProtocol.start 开始协议处理句柄["http-nio-8080"]
20-Sep-2022 09:25:10.606 信息 [main] org.apache.catalina.startup.Catalina.start Server startup in 96646 ms
20-Sep-2022 09:25:22.475 信息 [main] org.apache.catalina.core.StandardServer.await 通过关闭端口接收到有效的关闭命令。正在停止服务器实例。
20-Sep-2022 09:25:22.495 信息 [main] org.apache.coyote.AbstractProtocol.pause 暂停ProtocolHandler["http-nio-8080"]
20-Sep-2022 09:25:23.394 信息 [main] org.apache.catalina.core.StandardService.stopInternal 正在停止服务[Catalina]
20-Sep-2022 09:25:24.143 警告 [localhost-startStop-2] org.apache.catalina.loader.WebappClassLoaderBase.clearReferencesJdbc Web应用程序 [assets] 注册了JDBC驱动程序 [com.alibaba.druid.proxy.DruidDriver]，但在Web应用程序停止时无法注销它。 为防止内存泄漏，JDBC驱动程序已被强制取消注册。
20-Sep-2022 09:25:24.154 警告 [localhost-startStop-2] org.apache.catalina.loader.WebappClassLoaderBase.clearReferencesJdbc Web应用程序 [assets] 注册了JDBC驱动程序 [com.mysql.cj.jdbc.Driver]，但在Web应用程序停止时无法注销它。 为防止内存泄漏，JDBC驱动程序已被强制取消注册。
20-Sep-2022 09:25:24.157 警告 [localhost-startStop-2] org.apache.catalina.loader.WebappClassLoaderBase.clearReferencesThreads Web应用程序[assets]似乎启动了一个名为[mysql-cj-abandoned-connection-cleanup]的线程，但未能停止它。这很可能会造成内存泄漏。线程的堆栈跟踪：[
 java.lang.Object.wait(Native Method)
 java.lang.ref.ReferenceQueue.remove(ReferenceQueue.java:144)
 com.mysql.cj.jdbc.AbandonedConnectionCleanupThread.run(AbandonedConnectionCleanupThread.java:91)
 java.util.concurrent.ThreadPoolExecutor.runWorker(ThreadPoolExecutor.java:1149)
 java.util.concurrent.ThreadPoolExecutor$Worker.run(ThreadPoolExecutor.java:624)
 java.lang.Thread.run(Thread.java:748)]
20-Sep-2022 09:25:24.158 警告 [localhost-startStop-2] org.apache.catalina.loader.WebappClassLoaderBase.clearReferencesThreads Web应用程序[assets]似乎启动了一个名为[pool-3-thread-1]的线程，但未能停止它。这很可能会造成内存泄漏。线程的堆栈跟踪：[
 sun.misc.Unsafe.park(Native Method)
 java.util.concurrent.locks.LockSupport.parkNanos(LockSupport.java:215)
 java.util.concurrent.locks.AbstractQueuedSynchronizer$ConditionObject.awaitNanos(AbstractQueuedSynchronizer.java:2078)
 java.util.concurrent.ScheduledThreadPoolExecutor$DelayedWorkQueue.take(ScheduledThreadPoolExecutor.java:1093)
 java.util.concurrent.ScheduledThreadPoolExecutor$DelayedWorkQueue.take(ScheduledThreadPoolExecutor.java:809)
 java.util.concurrent.ThreadPoolExecutor.getTask(ThreadPoolExecutor.java:1074)
 java.util.concurrent.ThreadPoolExecutor.runWorker(ThreadPoolExecutor.java:1134)
 java.util.concurrent.ThreadPoolExecutor$Worker.run(ThreadPoolExecutor.java:624)
 java.lang.Thread.run(Thread.java:748)]
20-Sep-2022 09:25:24.159 警告 [localhost-startStop-2] org.apache.catalina.loader.WebappClassLoaderBase.clearReferencesThreads Web应用程序[assets]似乎启动了一个名为[pool-3-thread-2]的线程，但未能停止它。这很可能会造成内存泄漏。线程的堆栈跟踪：[
 sun.misc.Unsafe.park(Native Method)
 java.util.concurrent.locks.LockSupport.park(LockSupport.java:175)
 java.util.concurrent.locks.AbstractQueuedSynchronizer$ConditionObject.await(AbstractQueuedSynchronizer.java:2039)
 java.util.concurrent.ScheduledThreadPoolExecutor$DelayedWorkQueue.take(ScheduledThreadPoolExecutor.java:1088)
 java.util.concurrent.ScheduledThreadPoolExecutor$DelayedWorkQueue.take(ScheduledThreadPoolExecutor.java:809)
 java.util.concurrent.ThreadPoolExecutor.getTask(ThreadPoolExecutor.java:1074)
 java.util.concurrent.ThreadPoolExecutor.runWorker(ThreadPoolExecutor.java:1134)
 java.util.concurrent.ThreadPoolExecutor$Worker.run(ThreadPoolExecutor.java:624)
 java.lang.Thread.run(Thread.java:748)]
20-Sep-2022 09:25:24.159 警告 [localhost-startStop-2] org.apache.catalina.loader.WebappClassLoaderBase.clearReferencesThreads Web应用程序[assets]似乎启动了一个名为[pool-3-thread-3]的线程，但未能停止它。这很可能会造成内存泄漏。线程的堆栈跟踪：[
 sun.misc.Unsafe.park(Native Method)
 java.util.concurrent.locks.LockSupport.park(LockSupport.java:175)
 java.util.concurrent.locks.AbstractQueuedSynchronizer$ConditionObject.await(AbstractQueuedSynchronizer.java:2039)
 java.util.concurrent.ScheduledThreadPoolExecutor$DelayedWorkQueue.take(ScheduledThreadPoolExecutor.java:1088)
 java.util.concurrent.ScheduledThreadPoolExecutor$DelayedWorkQueue.take(ScheduledThreadPoolExecutor.java:809)
 java.util.concurrent.ThreadPoolExecutor.getTask(ThreadPoolExecutor.java:1074)
 java.util.concurrent.ThreadPoolExecutor.runWorker(ThreadPoolExecutor.java:1134)
 java.util.concurrent.ThreadPoolExecutor$Worker.run(ThreadPoolExecutor.java:624)
 java.lang.Thread.run(Thread.java:748)]
20-Sep-2022 09:25:24.162 警告 [localhost-startStop-2] org.apache.catalina.loader.WebappClassLoaderBase.clearReferencesThreads Web应用程序[assets]似乎启动了一个名为[pool-3-thread-4]的线程，但未能停止它。这很可能会造成内存泄漏。线程的堆栈跟踪：[
 sun.misc.Unsafe.park(Native Method)
 java.util.concurrent.locks.LockSupport.park(LockSupport.java:175)
 java.util.concurrent.locks.AbstractQueuedSynchronizer$ConditionObject.await(AbstractQueuedSynchronizer.java:2039)
 java.util.concurrent.ScheduledThreadPoolExecutor$DelayedWorkQueue.take(ScheduledThreadPoolExecutor.java:1088)
 java.util.concurrent.ScheduledThreadPoolExecutor$DelayedWorkQueue.take(ScheduledThreadPoolExecutor.java:809)
 java.util.concurrent.ThreadPoolExecutor.getTask(ThreadPoolExecutor.java:1074)
 java.util.concurrent.ThreadPoolExecutor.runWorker(ThreadPoolExecutor.java:1134)
 java.util.concurrent.ThreadPoolExecutor$Worker.run(ThreadPoolExecutor.java:624)
 java.lang.Thread.run(Thread.java:748)]
20-Sep-2022 09:25:24.176 信息 [main] org.apache.coyote.AbstractProtocol.stop 正在停止ProtocolHandler ["http-nio-8080"]
20-Sep-2022 09:25:24.210 信息 [main] org.apache.coyote.AbstractProtocol.destroy 正在摧毁协议处理器 ["http-nio-8080"]
20-Sep-2022 09:25:28.973 信息 [mysql-cj-abandoned-connection-cleanup] org.apache.catalina.loader.WebappClassLoaderBase.checkStateForResourceLoading 非法访问：此Web应用程序实例已停止。无法加载[]。为了调试以及终止导致非法访问的线程，将抛出以下堆栈跟踪。
	java.lang.IllegalStateException: 非法访问：此Web应用程序实例已停止。无法加载[]。为了调试以及终止导致非法访问的线程，将抛出以下堆栈跟踪。
		at org.apache.catalina.loader.WebappClassLoaderBase.checkStateForResourceLoading(WebappClassLoaderBase.java:1440)
		at org.apache.catalina.loader.WebappClassLoaderBase.getResource(WebappClassLoaderBase.java:1065)
		at com.mysql.cj.jdbc.AbandonedConnectionCleanupThread.checkThreadContextClassLoader(AbandonedConnectionCleanupThread.java:123)
		at com.mysql.cj.jdbc.AbandonedConnectionCleanupThread.run(AbandonedConnectionCleanupThread.java:90)
		at java.util.concurrent.ThreadPoolExecutor.runWorker(ThreadPoolExecutor.java:1149)
		at java.util.concurrent.ThreadPoolExecutor$Worker.run(ThreadPoolExecutor.java:624)
		at java.lang.Thread.run(Thread.java:748)
20-Sep-2022 09:27:05.867 严重 [main] org.apache.catalina.startup.Catalina.stopServer 无法联系[localhost:8005]（基端口[8005]和偏移量[0]）。Tomcat可能不在运行。
20-Sep-2022 09:27:05.883 严重 [main] org.apache.catalina.startup.Catalina.stopServer 停止 Catalina 时出错
	java.net.ConnectException: Connection refused: connect
		at java.net.DualStackPlainSocketImpl.connect0(Native Method)
		at java.net.DualStackPlainSocketImpl.socketConnect(DualStackPlainSocketImpl.java:79)
		at java.net.AbstractPlainSocketImpl.doConnect(AbstractPlainSocketImpl.java:350)
		at java.net.AbstractPlainSocketImpl.connectToAddress(AbstractPlainSocketImpl.java:206)
		at java.net.AbstractPlainSocketImpl.connect(AbstractPlainSocketImpl.java:188)
		at java.net.PlainSocketImpl.connect(PlainSocketImpl.java:172)
		at java.net.SocksSocketImpl.connect(SocksSocketImpl.java:392)
		at java.net.Socket.connect(Socket.java:589)
		at java.net.Socket.connect(Socket.java:538)
		at java.net.Socket.<init>(Socket.java:434)
		at java.net.Socket.<init>(Socket.java:211)
		at org.apache.catalina.startup.Catalina.stopServer(Catalina.java:511)
		at sun.reflect.NativeMethodAccessorImpl.invoke0(Native Method)
		at sun.reflect.NativeMethodAccessorImpl.invoke(NativeMethodAccessorImpl.java:62)
		at sun.reflect.DelegatingMethodAccessorImpl.invoke(DelegatingMethodAccessorImpl.java:43)
		at java.lang.reflect.Method.invoke(Method.java:498)
		at org.apache.catalina.startup.Bootstrap.stopServer(Bootstrap.java:391)
		at org.apache.catalina.startup.Bootstrap.main(Bootstrap.java:481)
20-Sep-2022 09:27:20.672 信息 [main] org.apache.catalina.startup.VersionLoggerListener.log Server.服务器版本: Apache Tomcat/8.5.82
20-Sep-2022 09:27:20.686 信息 [main] org.apache.catalina.startup.VersionLoggerListener.log 服务器构建:        Aug 8 2022 21:26:07 UTC
20-Sep-2022 09:27:20.686 信息 [main] org.apache.catalina.startup.VersionLoggerListener.log 服务器版本号:      8.5.82.0
20-Sep-2022 09:27:20.686 信息 [main] org.apache.catalina.startup.VersionLoggerListener.log 操作系统名称:      Windows 10
20-Sep-2022 09:27:20.687 信息 [main] org.apache.catalina.startup.VersionLoggerListener.log OS.版本:           10.0
20-Sep-2022 09:27:20.687 信息 [main] org.apache.catalina.startup.VersionLoggerListener.log 架构:              amd64
20-Sep-2022 09:27:20.687 信息 [main] org.apache.catalina.startup.VersionLoggerListener.log Java 环境变量:     C:\javaide\jdk8\jre
20-Sep-2022 09:27:20.687 信息 [main] org.apache.catalina.startup.VersionLoggerListener.log Java虚拟机版本:    1.8.0_181-b13
20-Sep-2022 09:27:20.687 信息 [main] org.apache.catalina.startup.VersionLoggerListener.log JVM.供应商:        Oracle Corporation
20-Sep-2022 09:27:20.687 信息 [main] org.apache.catalina.startup.VersionLoggerListener.log CATALINA_BASE:     D:\tb\2022新项目\毕设项目\java资产管理系统\apache-tomcat-8.5.82
20-Sep-2022 09:27:20.688 信息 [main] org.apache.catalina.startup.VersionLoggerListener.log CATALINA_HOME:     D:\tb\2022新项目\毕设项目\java资产管理系统\apache-tomcat-8.5.82
20-Sep-2022 09:27:20.688 信息 [main] org.apache.catalina.startup.VersionLoggerListener.log 命令行参数：       -Djava.util.logging.config.file=D:\tb\2022新项目\毕设项目\java资产管理系统\apache-tomcat-8.5.82\conf\logging.properties
20-Sep-2022 09:27:20.688 信息 [main] org.apache.catalina.startup.VersionLoggerListener.log 命令行参数：       -Djava.util.logging.manager=org.apache.juli.ClassLoaderLogManager
20-Sep-2022 09:27:20.688 信息 [main] org.apache.catalina.startup.VersionLoggerListener.log 命令行参数：       -Djdk.tls.ephemeralDHKeySize=2048
20-Sep-2022 09:27:20.688 信息 [main] org.apache.catalina.startup.VersionLoggerListener.log 命令行参数：       -Djava.protocol.handler.pkgs=org.apache.catalina.webresources
20-Sep-2022 09:27:20.689 信息 [main] org.apache.catalina.startup.VersionLoggerListener.log 命令行参数：       -Dignore.endorsed.dirs=
20-Sep-2022 09:27:20.689 信息 [main] org.apache.catalina.startup.VersionLoggerListener.log 命令行参数：       -Dcatalina.base=D:\tb\2022新项目\毕设项目\java资产管理系统\apache-tomcat-8.5.82
20-Sep-2022 09:27:20.690 信息 [main] org.apache.catalina.startup.VersionLoggerListener.log 命令行参数：       -Dcatalina.home=D:\tb\2022新项目\毕设项目\java资产管理系统\apache-tomcat-8.5.82
20-Sep-2022 09:27:20.692 信息 [main] org.apache.catalina.startup.VersionLoggerListener.log 命令行参数：       -Djava.io.tmpdir=D:\tb\2022新项目\毕设项目\java资产管理系统\apache-tomcat-8.5.82\temp
20-Sep-2022 09:27:20.693 信息 [main] org.apache.catalina.core.AprLifecycleListener.lifecycleEvent 使用APR版本[1.7.0]加载了基于APR的Apache Tomcat本机库[1.2.35]。
20-Sep-2022 09:27:20.693 信息 [main] org.apache.catalina.core.AprLifecycleListener.lifecycleEvent APR功能：IPv6[true]、sendfile[true]、accept filters[false]、random[true]、UDS [{4}]。
20-Sep-2022 09:27:20.694 信息 [main] org.apache.catalina.core.AprLifecycleListener.lifecycleEvent APR/OpenSSL配置：useAprConnector[false]，useOpenSSL[true]
20-Sep-2022 09:27:20.709 信息 [main] org.apache.catalina.core.AprLifecycleListener.initializeSSL OpenSSL成功初始化 [OpenSSL 1.1.1q  5 Jul 2022]
20-Sep-2022 09:27:21.289 信息 [main] org.apache.coyote.AbstractProtocol.init 初始化协议处理器 ["http-nio-8080"]
20-Sep-2022 09:27:21.322 信息 [main] org.apache.catalina.startup.Catalina.load Initialization processed in 1220 ms
20-Sep-2022 09:27:21.375 信息 [main] org.apache.catalina.core.StandardService.startInternal 正在启动服务[Catalina]
20-Sep-2022 09:27:21.375 信息 [main] org.apache.catalina.core.StandardEngine.startInternal 正在启动 Servlet 引擎：[Apache Tomcat/8.5.82]
20-Sep-2022 09:27:21.416 信息 [localhost-startStop-1] org.apache.catalina.startup.HostConfig.deployWAR 正在部署web应用程序存档文件[D:\tb\2022新项目\毕设项目\java资产管理系统\apache-tomcat-8.5.82\webapps\assets.war]
20-Sep-2022 09:27:22.941 警告 [localhost-startStop-1] org.apache.tomcat.util.descriptor.web.WebXml.setVersion 未知版本字符串 [4.0]。将使用默认版本。
20-Sep-2022 09:27:22.972 警告 [localhost-startStop-1] org.apache.tomcat.util.descriptor.web.WebXml.setVersion 未知版本字符串 [4.0]。将使用默认版本。
20-Sep-2022 09:27:38.131 信息 [localhost-startStop-1] org.apache.jasper.servlet.TldScanner.scanJars 至少有一个JAR被扫描用于TLD但尚未包含TLD。 为此记录器启用调试日志记录，以获取已扫描但未在其中找到TLD的完整JAR列表。 在扫描期间跳过不需要的JAR可以缩短启动时间和JSP编译时间。
20-Sep-2022 09:28:18.421 信息 [localhost-startStop-1] org.apache.catalina.startup.HostConfig.deployWAR web应用程序存档文件[D:\tb\2022新项目\毕设项目\java资产管理系统\apache-tomcat-8.5.82\webapps\assets.war]的部署已在[57,004]ms内完成
20-Sep-2022 09:28:18.436 信息 [localhost-startStop-1] org.apache.catalina.startup.HostConfig.deployDirectory 把web 应用程序部署到目录 [D:\tb\2022新项目\毕设项目\java资产管理系统\apache-tomcat-8.5.82\webapps\docs]
20-Sep-2022 09:28:18.494 信息 [localhost-startStop-1] org.apache.catalina.startup.HostConfig.deployDirectory Web应用程序目录[D:\tb\2022新项目\毕设项目\java资产管理系统\apache-tomcat-8.5.82\webapps\docs]的部署已在[57]毫秒内完成
20-Sep-2022 09:28:18.494 信息 [localhost-startStop-1] org.apache.catalina.startup.HostConfig.deployDirectory 把web 应用程序部署到目录 [D:\tb\2022新项目\毕设项目\java资产管理系统\apache-tomcat-8.5.82\webapps\examples]
20-Sep-2022 09:28:19.333 信息 [localhost-startStop-1] org.apache.catalina.startup.HostConfig.deployDirectory Web应用程序目录[D:\tb\2022新项目\毕设项目\java资产管理系统\apache-tomcat-8.5.82\webapps\examples]的部署已在[839]毫秒内完成
20-Sep-2022 09:28:19.354 信息 [localhost-startStop-1] org.apache.catalina.startup.HostConfig.deployDirectory 把web 应用程序部署到目录 [D:\tb\2022新项目\毕设项目\java资产管理系统\apache-tomcat-8.5.82\webapps\host-manager]
20-Sep-2022 09:28:19.447 信息 [localhost-startStop-1] org.apache.catalina.startup.HostConfig.deployDirectory Web应用程序目录[D:\tb\2022新项目\毕设项目\java资产管理系统\apache-tomcat-8.5.82\webapps\host-manager]的部署已在[93]毫秒内完成
20-Sep-2022 09:28:19.465 信息 [localhost-startStop-1] org.apache.catalina.startup.HostConfig.deployDirectory 把web 应用程序部署到目录 [D:\tb\2022新项目\毕设项目\java资产管理系统\apache-tomcat-8.5.82\webapps\manager]
20-Sep-2022 09:28:19.546 信息 [localhost-startStop-1] org.apache.catalina.startup.HostConfig.deployDirectory Web应用程序目录[D:\tb\2022新项目\毕设项目\java资产管理系统\apache-tomcat-8.5.82\webapps\manager]的部署已在[81]毫秒内完成
20-Sep-2022 09:28:19.565 信息 [localhost-startStop-1] org.apache.catalina.startup.HostConfig.deployDirectory 把web 应用程序部署到目录 [D:\tb\2022新项目\毕设项目\java资产管理系统\apache-tomcat-8.5.82\webapps\ROOT]
20-Sep-2022 09:28:19.627 信息 [localhost-startStop-1] org.apache.catalina.startup.HostConfig.deployDirectory Web应用程序目录[D:\tb\2022新项目\毕设项目\java资产管理系统\apache-tomcat-8.5.82\webapps\ROOT]的部署已在[62]毫秒内完成
20-Sep-2022 09:28:19.657 信息 [main] org.apache.coyote.AbstractProtocol.start 开始协议处理句柄["http-nio-8080"]
20-Sep-2022 09:28:19.691 信息 [main] org.apache.catalina.startup.Catalina.start Server startup in 58369 ms
20-Sep-2022 09:32:06.908 严重 [main] org.apache.catalina.startup.Catalina.stopServer 无法联系[localhost:8005]（基端口[8005]和偏移量[0]）。Tomcat可能不在运行。
20-Sep-2022 09:32:13.783 信息 [main] org.apache.catalina.startup.VersionLoggerListener.log Server.服务器版本: Apache Tomcat/8.5.82
20-Sep-2022 09:32:13.799 信息 [main] org.apache.catalina.startup.VersionLoggerListener.log 服务器构建:        Aug 8 2022 21:26:07 UTC
20-Sep-2022 09:32:13.800 信息 [main] org.apache.catalina.startup.VersionLoggerListener.log 服务器版本号:      8.5.82.0
20-Sep-2022 09:32:13.800 信息 [main] org.apache.catalina.startup.VersionLoggerListener.log 操作系统名称:      Windows 10
20-Sep-2022 09:32:13.800 信息 [main] org.apache.catalina.startup.VersionLoggerListener.log OS.版本:           10.0
20-Sep-2022 09:32:13.800 信息 [main] org.apache.catalina.startup.VersionLoggerListener.log 架构:              amd64
20-Sep-2022 09:32:13.800 信息 [main] org.apache.catalina.startup.VersionLoggerListener.log Java 环境变量:     C:\javaide\jdk8\jre
20-Sep-2022 09:32:13.801 信息 [main] org.apache.catalina.startup.VersionLoggerListener.log Java虚拟机版本:    1.8.0_181-b13
20-Sep-2022 09:32:13.801 信息 [main] org.apache.catalina.startup.VersionLoggerListener.log JVM.供应商:        Oracle Corporation
20-Sep-2022 09:32:13.801 信息 [main] org.apache.catalina.startup.VersionLoggerListener.log CATALINA_BASE:     D:\tb\2022新项目\毕设项目\java资产管理系统\apache-tomcat-8.5.82
20-Sep-2022 09:32:13.801 信息 [main] org.apache.catalina.startup.VersionLoggerListener.log CATALINA_HOME:     D:\tb\2022新项目\毕设项目\java资产管理系统\apache-tomcat-8.5.82
20-Sep-2022 09:32:13.801 信息 [main] org.apache.catalina.startup.VersionLoggerListener.log 命令行参数：       -Djava.util.logging.config.file=D:\tb\2022新项目\毕设项目\java资产管理系统\apache-tomcat-8.5.82\conf\logging.properties
20-Sep-2022 09:32:13.801 信息 [main] org.apache.catalina.startup.VersionLoggerListener.log 命令行参数：       -Djava.util.logging.manager=org.apache.juli.ClassLoaderLogManager
20-Sep-2022 09:32:13.802 信息 [main] org.apache.catalina.startup.VersionLoggerListener.log 命令行参数：       -Djdk.tls.ephemeralDHKeySize=2048
20-Sep-2022 09:32:13.802 信息 [main] org.apache.catalina.startup.VersionLoggerListener.log 命令行参数：       -Djava.protocol.handler.pkgs=org.apache.catalina.webresources
20-Sep-2022 09:32:13.802 信息 [main] org.apache.catalina.startup.VersionLoggerListener.log 命令行参数：       -Dignore.endorsed.dirs=
20-Sep-2022 09:32:13.803 信息 [main] org.apache.catalina.startup.VersionLoggerListener.log 命令行参数：       -Dcatalina.base=D:\tb\2022新项目\毕设项目\java资产管理系统\apache-tomcat-8.5.82
20-Sep-2022 09:32:13.804 信息 [main] org.apache.catalina.startup.VersionLoggerListener.log 命令行参数：       -Dcatalina.home=D:\tb\2022新项目\毕设项目\java资产管理系统\apache-tomcat-8.5.82
20-Sep-2022 09:32:13.804 信息 [main] org.apache.catalina.startup.VersionLoggerListener.log 命令行参数：       -Djava.io.tmpdir=D:\tb\2022新项目\毕设项目\java资产管理系统\apache-tomcat-8.5.82\temp
20-Sep-2022 09:32:13.804 信息 [main] org.apache.catalina.core.AprLifecycleListener.lifecycleEvent 使用APR版本[1.7.0]加载了基于APR的Apache Tomcat本机库[1.2.35]。
20-Sep-2022 09:32:13.805 信息 [main] org.apache.catalina.core.AprLifecycleListener.lifecycleEvent APR功能：IPv6[true]、sendfile[true]、accept filters[false]、random[true]、UDS [{4}]。
20-Sep-2022 09:32:13.806 信息 [main] org.apache.catalina.core.AprLifecycleListener.lifecycleEvent APR/OpenSSL配置：useAprConnector[false]，useOpenSSL[true]
20-Sep-2022 09:32:13.817 信息 [main] org.apache.catalina.core.AprLifecycleListener.initializeSSL OpenSSL成功初始化 [OpenSSL 1.1.1q  5 Jul 2022]
20-Sep-2022 09:32:14.194 信息 [main] org.apache.coyote.AbstractProtocol.init 初始化协议处理器 ["http-nio-8080"]
20-Sep-2022 09:32:14.227 信息 [main] org.apache.catalina.startup.Catalina.load Initialization processed in 937 ms
20-Sep-2022 09:32:14.282 信息 [main] org.apache.catalina.core.StandardService.startInternal 正在启动服务[Catalina]
20-Sep-2022 09:32:14.282 信息 [main] org.apache.catalina.core.StandardEngine.startInternal 正在启动 Servlet 引擎：[Apache Tomcat/8.5.82]
20-Sep-2022 09:32:14.329 信息 [localhost-startStop-1] org.apache.catalina.startup.HostConfig.deployWAR 正在部署web应用程序存档文件[D:\tb\2022新项目\毕设项目\java资产管理系统\apache-tomcat-8.5.82\webapps\assets.war]
20-Sep-2022 09:34:46.261 警告 [localhost-startStop-1] org.apache.tomcat.util.descriptor.web.WebXml.setVersion 未知版本字符串 [4.0]。将使用默认版本。
20-Sep-2022 09:34:46.410 警告 [localhost-startStop-1] org.apache.tomcat.util.descriptor.web.WebXml.setVersion 未知版本字符串 [4.0]。将使用默认版本。
20-Sep-2022 09:36:05.237 信息 [localhost-startStop-1] org.apache.jasper.servlet.TldScanner.scanJars 至少有一个JAR被扫描用于TLD但尚未包含TLD。 为此记录器启用调试日志记录，以获取已扫描但未在其中找到TLD的完整JAR列表。 在扫描期间跳过不需要的JAR可以缩短启动时间和JSP编译时间。
20-Sep-2022 09:37:24.031 信息 [localhost-startStop-1] org.apache.catalina.startup.HostConfig.deployWAR web应用程序存档文件[D:\tb\2022新项目\毕设项目\java资产管理系统\apache-tomcat-8.5.82\webapps\assets.war]的部署已在[309,700]ms内完成
20-Sep-2022 09:37:24.034 信息 [localhost-startStop-1] org.apache.catalina.startup.HostConfig.deployDirectory 把web 应用程序部署到目录 [D:\tb\2022新项目\毕设项目\java资产管理系统\apache-tomcat-8.5.82\webapps\docs]
20-Sep-2022 09:37:24.103 信息 [localhost-startStop-1] org.apache.catalina.startup.HostConfig.deployDirectory Web应用程序目录[D:\tb\2022新项目\毕设项目\java资产管理系统\apache-tomcat-8.5.82\webapps\docs]的部署已在[68]毫秒内完成
20-Sep-2022 09:37:24.106 信息 [localhost-startStop-1] org.apache.catalina.startup.HostConfig.deployDirectory 把web 应用程序部署到目录 [D:\tb\2022新项目\毕设项目\java资产管理系统\apache-tomcat-8.5.82\webapps\examples]
20-Sep-2022 09:37:25.371 信息 [localhost-startStop-1] org.apache.catalina.startup.HostConfig.deployDirectory Web应用程序目录[D:\tb\2022新项目\毕设项目\java资产管理系统\apache-tomcat-8.5.82\webapps\examples]的部署已在[1,265]毫秒内完成
20-Sep-2022 09:37:25.376 信息 [localhost-startStop-1] org.apache.catalina.startup.HostConfig.deployDirectory 把web 应用程序部署到目录 [D:\tb\2022新项目\毕设项目\java资产管理系统\apache-tomcat-8.5.82\webapps\host-manager]
20-Sep-2022 09:37:25.539 信息 [localhost-startStop-1] org.apache.catalina.startup.HostConfig.deployDirectory Web应用程序目录[D:\tb\2022新项目\毕设项目\java资产管理系统\apache-tomcat-8.5.82\webapps\host-manager]的部署已在[163]毫秒内完成
20-Sep-2022 09:37:25.543 信息 [localhost-startStop-1] org.apache.catalina.startup.HostConfig.deployDirectory 把web 应用程序部署到目录 [D:\tb\2022新项目\毕设项目\java资产管理系统\apache-tomcat-8.5.82\webapps\manager]
20-Sep-2022 09:37:25.663 信息 [localhost-startStop-1] org.apache.catalina.startup.HostConfig.deployDirectory Web应用程序目录[D:\tb\2022新项目\毕设项目\java资产管理系统\apache-tomcat-8.5.82\webapps\manager]的部署已在[119]毫秒内完成
20-Sep-2022 09:37:25.669 信息 [localhost-startStop-1] org.apache.catalina.startup.HostConfig.deployDirectory 把web 应用程序部署到目录 [D:\tb\2022新项目\毕设项目\java资产管理系统\apache-tomcat-8.5.82\webapps\ROOT]
20-Sep-2022 09:37:25.768 信息 [localhost-startStop-1] org.apache.catalina.startup.HostConfig.deployDirectory Web应用程序目录[D:\tb\2022新项目\毕设项目\java资产管理系统\apache-tomcat-8.5.82\webapps\ROOT]的部署已在[99]毫秒内完成
20-Sep-2022 09:37:25.781 信息 [main] org.apache.coyote.AbstractProtocol.start 开始协议处理句柄["http-nio-8080"]
20-Sep-2022 09:37:25.814 信息 [main] org.apache.catalina.startup.Catalina.start Server startup in 311586 ms
20-Sep-2022 09:44:14.128 严重 [main] org.apache.catalina.startup.Catalina.stopServer 无法联系[localhost:8005]（基端口[8005]和偏移量[0]）。Tomcat可能不在运行。
20-Sep-2022 09:44:20.011 严重 [main] org.apache.catalina.startup.Catalina.stopServer 无法联系[localhost:8005]（基端口[8005]和偏移量[0]）。Tomcat可能不在运行。
20-Sep-2022 09:44:20.052 严重 [main] org.apache.catalina.startup.Catalina.stopServer 停止 Catalina 时出错
	java.net.ConnectException: Connection refused: connect
		at java.net.DualStackPlainSocketImpl.connect0(Native Method)
		at java.net.DualStackPlainSocketImpl.socketConnect(DualStackPlainSocketImpl.java:79)
		at java.net.AbstractPlainSocketImpl.doConnect(AbstractPlainSocketImpl.java:350)
		at java.net.AbstractPlainSocketImpl.connectToAddress(AbstractPlainSocketImpl.java:206)
		at java.net.AbstractPlainSocketImpl.connect(AbstractPlainSocketImpl.java:188)
		at java.net.PlainSocketImpl.connect(PlainSocketImpl.java:172)
		at java.net.SocksSocketImpl.connect(SocksSocketImpl.java:392)
		at java.net.Socket.connect(Socket.java:589)
		at java.net.Socket.connect(Socket.java:538)
		at java.net.Socket.<init>(Socket.java:434)
		at java.net.Socket.<init>(Socket.java:211)
		at org.apache.catalina.startup.Catalina.stopServer(Catalina.java:511)
		at sun.reflect.NativeMethodAccessorImpl.invoke0(Native Method)
		at sun.reflect.NativeMethodAccessorImpl.invoke(NativeMethodAccessorImpl.java:62)
		at sun.reflect.DelegatingMethodAccessorImpl.invoke(DelegatingMethodAccessorImpl.java:43)
		at java.lang.reflect.Method.invoke(Method.java:498)
		at org.apache.catalina.startup.Bootstrap.stopServer(Bootstrap.java:391)
		at org.apache.catalina.startup.Bootstrap.main(Bootstrap.java:481)
20-Sep-2022 09:44:24.814 严重 [main] org.apache.catalina.startup.Catalina.stopServer 无法联系[localhost:8005]（基端口[8005]和偏移量[0]）。Tomcat可能不在运行。
20-Sep-2022 09:44:24.873 严重 [main] org.apache.catalina.startup.Catalina.stopServer 停止 Catalina 时出错
	java.net.ConnectException: Connection refused: connect
		at java.net.DualStackPlainSocketImpl.connect0(Native Method)
		at java.net.DualStackPlainSocketImpl.socketConnect(DualStackPlainSocketImpl.java:79)
		at java.net.AbstractPlainSocketImpl.doConnect(AbstractPlainSocketImpl.java:350)
		at java.net.AbstractPlainSocketImpl.connectToAddress(AbstractPlainSocketImpl.java:206)
		at java.net.AbstractPlainSocketImpl.connect(AbstractPlainSocketImpl.java:188)
		at java.net.PlainSocketImpl.connect(PlainSocketImpl.java:172)
		at java.net.SocksSocketImpl.connect(SocksSocketImpl.java:392)
		at java.net.Socket.connect(Socket.java:589)
		at java.net.Socket.connect(Socket.java:538)
		at java.net.Socket.<init>(Socket.java:434)
		at java.net.Socket.<init>(Socket.java:211)
		at org.apache.catalina.startup.Catalina.stopServer(Catalina.java:511)
		at sun.reflect.NativeMethodAccessorImpl.invoke0(Native Method)
		at sun.reflect.NativeMethodAccessorImpl.invoke(NativeMethodAccessorImpl.java:62)
		at sun.reflect.DelegatingMethodAccessorImpl.invoke(DelegatingMethodAccessorImpl.java:43)
		at java.lang.reflect.Method.invoke(Method.java:498)
		at org.apache.catalina.startup.Bootstrap.stopServer(Bootstrap.java:391)
		at org.apache.catalina.startup.Bootstrap.main(Bootstrap.java:481)
